<?xml version="1.0" encoding="UTF-8"?>
<testng-results ignored="0" total="1" passed="1" failed="0" skipped="0">
  <reporter-output>
  </reporter-output>
  <suite started-at="2024-03-22T19:46:16 IST" name="All Test Suite" finished-at="2024-03-22T19:47:22 IST" duration-ms="65973">
    <groups>
      <group name="sanity">
        <method signature="TC_LF_001_LogInTest.verifyLogIn()[pri:0, instance:testCases.TC_LF_001_LogInTest@55183b20]" name="verifyLogIn" class="testCases.TC_LF_001_LogInTest"/>
      </group> <!-- sanity -->
      <group name="master">
        <method signature="TC_LF_001_LogInTest.verifyLogIn()[pri:0, instance:testCases.TC_LF_001_LogInTest@55183b20]" name="verifyLogIn" class="testCases.TC_LF_001_LogInTest"/>
      </group> <!-- master -->
    </groups>
    <test started-at="2024-03-22T19:46:16 IST" name="OpenCart Sanity" finished-at="2024-03-22T19:47:22 IST" duration-ms="65973">
      <class name="testCases.TC_LF_001_LogInTest">
        <test-method is-config="true" signature="setUp(java.lang.String,java.lang.String)[pri:0, instance:testCases.TC_LF_001_LogInTest@55183b20]" started-at="2024-03-22T19:46:18 IST" name="setUp" finished-at="2024-03-22T19:47:02 IST" duration-ms="43906" status="PASS">
          <params>
            <param index="0">
              <value>
                <![CDATA[chrome]]>
              </value>
            </param>
            <param index="1">
              <value>
                <![CDATA[windows]]>
              </value>
            </param>
          </params>
          <reporter-output>
          </reporter-output>
        </test-method> <!-- setUp -->
        <test-method signature="verifyLogIn()[pri:0, instance:testCases.TC_LF_001_LogInTest@55183b20]" started-at="2024-03-22T19:47:02 IST" name="verifyLogIn" finished-at="2024-03-22T19:47:21 IST" duration-ms="19059" status="PASS">
          <reporter-output>
          </reporter-output>
        </test-method> <!-- verifyLogIn -->
        <test-method is-config="true" signature="tearDown()[pri:0, instance:testCases.TC_LF_001_LogInTest@55183b20]" started-at="2024-03-22T19:47:21 IST" name="tearDown" finished-at="2024-03-22T19:47:22 IST" duration-ms="1019" status="PASS">
          <reporter-output>
          </reporter-output>
        </test-method> <!-- tearDown -->
      </class> <!-- testCases.TC_LF_001_LogInTest -->
    </test> <!-- OpenCart Sanity -->
  </suite> <!-- All Test Suite -->
</testng-results>
