<?xml version="1.0" encoding="UTF-8"?>
<!-- Generated by org.testng.reporters.JUnitXMLReporter -->
<testsuite ignored="2" hostname="DESKTOP-J0HQ4MQ" failures="0" tests="1" name="OpenCart Sanity" time="65.973" errors="0" timestamp="2024-03-22T19:47:27 IST">
  <testcase classname="testCases.TC_LF_001_LogInTest" name="verifyLogIn" time="19.059"/>
  <testcase classname="testCases.TC_LF_002_LoginTestDD" name="varifyLogin_DDT" time="0.0">
    <ignored/>
  </testcase> <!-- varifyLogin_DDT -->
  <testcase classname="testCases.TC_RF_001_AccountRegistrationTest" name="verifyAccountRegistration" time="0.0">
    <ignored/>
  </testcase> <!-- verifyAccountRegistration -->
</testsuite> <!-- OpenCart Sanity -->
